<?xml version="1.0" encoding="UTF-8"?>
<!-- Generated by org.testng.reporters.JUnitXMLReporter -->
<testsuite hostname="WTIN01500914L" name="NavigatorTest-Smoke" tests="2" failures="1" timestamp="26 May 2017 07:01:38 GMT" time="72.017" errors="0">
  <testcase name="openPortal" time="4.043" classname="com.Schneider.DemandPortal.testcases.Startup_debug"/>
  <testcase name="fileupload" time="67.66" classname="com.Schneider.DemandPortal.testcases.SmokeTestCase">
    <failure type="java.lang.AssertionError" message="expected [true] but found [false]">
      <![CDATA[java.lang.AssertionError: expected [true] but found [false]
	at com.Schneider.commonUtils.WebObjectUtil.stopCurrentTestExecution(WebObjectUtil.java:1849)
	at com.Schneider.commonUtils.WebObjectUtil.clickElement(WebObjectUtil.java:494)
	at com.Schneider.DemandPortal.testcases.LoginTestCase.logout(LoginTestCase.java:64)
	at com.Schneider.DemandPortal.testcases.SmokeTestCase.fileupload(SmokeTestCase.java:212)
... Removed 27 stack frames]]>
    </failure>
  </testcase> <!-- fileupload -->
</testsuite> <!-- NavigatorTest-Smoke -->
